2016-11-26 15:12:57 [::1][-][4eg9qsummf3atjt30g7f7mi2e6][error][yii\web\HttpException:404] exception 'yii\base\InvalidRouteException' with message 'Unable to resolve the request "sdjkhfjks/kdshfgkd".' in D:\phpStudy\WWW\advanced\vendor\yiisoft\yii2\base\Module.php:460
Stack trace:
#0 D:\phpStudy\WWW\advanced\vendor\yiisoft\yii2\web\Application.php(87): yii\base\Module->runAction('sdjkhfjks/kdshf...', Array)
#1 D:\phpStudy\WWW\advanced\vendor\yiisoft\yii2\base\Application.php(375): yii\web\Application->handleRequest(Object(yii\web\Request))
#2 D:\phpStudy\WWW\advanced\frontend\web\index.php(18): yii\base\Application->run()
#3 {main}

Next exception 'yii\web\NotFoundHttpException' with message 'Page not found.' in D:\phpStudy\WWW\advanced\vendor\yiisoft\yii2\web\Application.php:99
Stack trace:
#0 D:\phpStudy\WWW\advanced\vendor\yiisoft\yii2\base\Application.php(375): yii\web\Application->handleRequest(Object(yii\web\Request))
#1 D:\phpStudy\WWW\advanced\frontend\web\index.php(18): yii\base\Application->run()
#2 {main}
2016-11-26 15:12:56 [::1][-][4eg9qsummf3atjt30g7f7mi2e6][info][application] $_GET = [
    'r' => 'sdjkhfjks/kdshfgkd'
    'id' => '1'
]

$_COOKIE = [
    'advanced-frontend' => '4eg9qsummf3atjt30g7f7mi2e6'
    '_csrf-frontend' => 'e2257f8d175a62c989e1b1affad3c70552e233d4e1f5e53ac49b4fce97d7014da:2:{i:0;s:14:\"_csrf-frontend\";i:1;s:32:\"LEn-y-hrM_RxHQ0vSvX8IrJjnroyZ4JG\";}'
]

$_SESSION = [
    '__flash' => []
]

$_SERVER = [
    'PATH' => 'C:\\Windows\\system32;C:\\Windows;C:\\Windows\\System32\\Wbem;C:\\Windows\\System32\\WindowsPowerShell\\v1.0\\;D:\\svn\\bin;C:\\Users\\王韩峰\\AppData\\Local\\Microsoft\\WindowsApps;'
    'SYSTEMROOT' => 'C:\\Windows'
    'COMSPEC' => 'C:\\Windows\\system32\\cmd.exe'
    'PATHEXT' => '.COM;.EXE;.BAT;.CMD;.VBS;.VBE;.JS;.JSE;.WSF;.WSH;.MSC'
    'WINDIR' => 'C:\\Windows'
    'PHP_FCGI_MAX_REQUESTS' => '1000'
    'PHPRC' => 'D:/phpStudy/php55n'
    '_FCGI_SHUTDOWN_EVENT_' => '2148'
    'SCRIPT_NAME' => '/advanced/frontend/web/index.php'
    'REQUEST_URI' => '/advanced/frontend/web/index.php?r=sdjkhfjks/kdshfgkd&id=1'
    'QUERY_STRING' => 'r=sdjkhfjks/kdshfgkd&id=1'
    'REQUEST_METHOD' => 'GET'
    'SERVER_PROTOCOL' => 'HTTP/1.1'
    'GATEWAY_INTERFACE' => 'CGI/1.1'
    'REMOTE_PORT' => '53702'
    'SCRIPT_FILENAME' => 'D:/phpStudy/WWW/advanced/frontend/web/index.php'
    'SERVER_ADMIN' => 'admin@phpStudy.net'
    'CONTEXT_DOCUMENT_ROOT' => 'D:/phpStudy/WWW'
    'CONTEXT_PREFIX' => ''
    'REQUEST_SCHEME' => 'http'
    'DOCUMENT_ROOT' => 'D:/phpStudy/WWW'
    'REMOTE_ADDR' => '::1'
    'SERVER_PORT' => '80'
    'SERVER_ADDR' => '::1'
    'SERVER_NAME' => 'localhost'
    'SERVER_SOFTWARE' => 'Apache/2.4.10 (Win32) OpenSSL/1.0.1i mod_fcgid/2.3.9'
    'SERVER_SIGNATURE' => ''
    'SystemRoot' => 'C:\\Windows'
    'HTTP_UPGRADE_INSECURE_REQUESTS' => '1'
    'HTTP_CONNECTION' => 'close'
    'HTTP_COOKIE' => 'advanced-frontend=4eg9qsummf3atjt30g7f7mi2e6; _csrf-frontend=e2257f8d175a62c989e1b1affad3c70552e233d4e1f5e53ac49b4fce97d7014da%3A2%3A%7Bi%3A0%3Bs%3A14%3A%22_csrf-frontend%22%3Bi%3A1%3Bs%3A32%3A%22LEn-y-hrM_RxHQ0vSvX8IrJjnroyZ4JG%22%3B%7D'
    'HTTP_ACCEPT_ENCODING' => 'gzip, deflate'
    'HTTP_ACCEPT_LANGUAGE' => 'zh-CN,zh;q=0.8,en-US;q=0.5,en;q=0.3'
    'HTTP_ACCEPT' => 'text/html,application/xhtml+xml,application/xml;q=0.9,*/*;q=0.8'
    'HTTP_USER_AGENT' => 'Mozilla/5.0 (Windows NT 10.0; WOW64; rv:49.0) Gecko/20100101 Firefox/49.0'
    'HTTP_HOST' => 'localhost'
    'FCGI_ROLE' => 'RESPONDER'
    'PHP_SELF' => '/advanced/frontend/web/index.php'
    'REQUEST_TIME_FLOAT' => 1480144376.9275
    'REQUEST_TIME' => 1480144376
]
2016-11-26 15:51:10 [::1][-][-][error][yii\db\Exception] exception 'PDOException' with message 'SQLSTATE[HY000] [1045] Access denied for user 'root'@'localhost' (using password: YES)' in D:\phpStudy\WWW\advanced\vendor\yiisoft\yii2\db\Connection.php:603
Stack trace:
#0 D:\phpStudy\WWW\advanced\vendor\yiisoft\yii2\db\Connection.php(603): PDO->__construct('mysql:host=loca...', 'root', 'rot', NULL)
#1 D:\phpStudy\WWW\advanced\vendor\yiisoft\yii2\db\Connection.php(545): yii\db\Connection->createPdoInstance()
#2 D:\phpStudy\WWW\advanced\vendor\yiisoft\yii2\db\Connection.php(864): yii\db\Connection->open()
#3 D:\phpStudy\WWW\advanced\vendor\yiisoft\yii2\db\Connection.php(851): yii\db\Connection->getMasterPdo()
#4 D:\phpStudy\WWW\advanced\vendor\yiisoft\yii2\db\Command.php(219): yii\db\Connection->getSlavePdo()
#5 D:\phpStudy\WWW\advanced\vendor\yiisoft\yii2\db\Command.php(894): yii\db\Command->prepare('<span class="ke...')
#6 D:\phpStudy\WWW\advanced\vendor\yiisoft\yii2\db\Command.php(405): yii\db\Command->queryInternal('<span class="st...', '<span class="nu...')
#7 D:\phpStudy\WWW\advanced\vendor\yiisoft\yii2\db\mysql\Schema.php(348): yii\db\Command->queryColumn()
#8 D:\phpStudy\WWW\advanced\vendor\yiisoft\yii2\db\Schema.php(231): yii\db\mysql\Schema->findTableNames('<span class="st...')
#9 D:\phpStudy\WWW\advanced\vendor\yiisoft\yii2-gii\generators\model\Generator.php(158): yii\db\Schema->getTableNames()
#10 [internal function]: yii\gii\generators\model\Generator->yii\gii\generators\model\{closure}()
#11 D:\phpStudy\WWW\advanced\vendor\yiisoft\yii2-gii\components\ActiveField.php(41): call_user_func(Object(Closure))
#12 D:\phpStudy\WWW\advanced\vendor\yiisoft\yii2\base\Object.php(107): yii\gii\components\ActiveField->init()
#13 [internal function]: yii\base\Object->__construct('[<span class="s...')
#14 D:\phpStudy\WWW\advanced\vendor\yiisoft\yii2\di\Container.php(379): ReflectionClass->newInstanceArgs('[[<span class="...')
#15 D:\phpStudy\WWW\advanced\vendor\yiisoft\yii2\di\Container.php(154): yii\di\Container->build('<span class="st...', '[]', '[<span class="s...')
#16 D:\phpStudy\WWW\advanced\vendor\yiisoft\yii2\BaseYii.php(344): yii\di\Container->get('<span class="st...', '[]', '[<span class="s...')
#17 D:\phpStudy\WWW\advanced\vendor\yiisoft\yii2\widgets\ActiveForm.php(293): yii\BaseYii::createObject('[<span class="s...')
#18 D:\phpStudy\WWW\advanced\vendor\yiisoft\yii2-gii\generators\model\form.php(9): yii\widgets\ActiveForm->field(Object(yii\gii\generators\model\Generator), '<span class="st...')
#19 D:\phpStudy\WWW\advanced\vendor\yiisoft\yii2\base\View.php(325): require('D:\\phpStudy\\WWW...')
#20 D:\phpStudy\WWW\advanced\vendor\yiisoft\yii2\base\View.php(247): yii\base\View->renderPhpFile('<span class="st...', '[<span class="s...')
#21 D:\phpStudy\WWW\advanced\vendor\yiisoft\yii2-gii\views\default\view.php(38): yii\base\View->renderFile('<span class="st...', '[<span class="s...')
#22 D:\phpStudy\WWW\advanced\vendor\yiisoft\yii2\base\View.php(325): require('D:\\phpStudy\\WWW...')
#23 D:\phpStudy\WWW\advanced\vendor\yiisoft\yii2\base\View.php(247): yii\base\View->renderPhpFile('<span class="st...', '[<span class="s...')
#24 D:\phpStudy\WWW\advanced\vendor\yiisoft\yii2\base\View.php(149): yii\base\View->renderFile('<span class="st...', '[<span class="s...', Object(yii\gii\controllers\DefaultController))
#25 D:\phpStudy\WWW\advanced\vendor\yiisoft\yii2\base\Controller.php(378): yii\base\View->render('<span class="st...', '[<span class="s...', Object(yii\gii\controllers\DefaultController))
#26 D:\phpStudy\WWW\advanced\vendor\yiisoft\yii2-gii\controllers\DefaultController.php(61): yii\base\Controller->render('<span class="st...', '[<span class="s...')
#27 [internal function]: yii\gii\controllers\DefaultController->actionView('<span class="st...')
#28 D:\phpStudy\WWW\advanced\vendor\yiisoft\yii2\base\InlineAction.php(55): call_user_func_array('[<span class="t...', '[<span class="s...')
#29 D:\phpStudy\WWW\advanced\vendor\yiisoft\yii2\base\Controller.php(154): yii\base\InlineAction->runWithParams('[<span class="s...')
#30 D:\phpStudy\WWW\advanced\vendor\yiisoft\yii2\base\Module.php(454): yii\base\Controller->runAction('<span class="st...', '[<span class="s...')
#31 D:\phpStudy\WWW\advanced\vendor\yiisoft\yii2\web\Application.php(87): yii\base\Module->runAction('<span class="st...', '[<span class="s...')
#32 D:\phpStudy\WWW\advanced\vendor\yiisoft\yii2\base\Application.php(375): yii\web\Application->handleRequest(Object(yii\web\Request))
#33 D:\phpStudy\WWW\advanced\frontend\web\index.php(18): yii\base\Application->run()
#34 {main}

Next exception 'yii\db\Exception' with message 'SQLSTATE[HY000] [1045] Access denied for user 'root'@'localhost' (using password: YES)' in D:\phpStudy\WWW\advanced\vendor\yiisoft\yii2\db\Connection.php:550
Stack trace:
#0 D:\phpStudy\WWW\advanced\vendor\yiisoft\yii2\db\Connection.php(864): yii\db\Connection->open()
#1 D:\phpStudy\WWW\advanced\vendor\yiisoft\yii2\db\Connection.php(851): yii\db\Connection->getMasterPdo()
#2 D:\phpStudy\WWW\advanced\vendor\yiisoft\yii2\db\Command.php(219): yii\db\Connection->getSlavePdo()
#3 D:\phpStudy\WWW\advanced\vendor\yiisoft\yii2\db\Command.php(894): yii\db\Command->prepare('<span class="ke...')
#4 D:\phpStudy\WWW\advanced\vendor\yiisoft\yii2\db\Command.php(405): yii\db\Command->queryInternal('<span class="st...', '<span class="nu...')
#5 D:\phpStudy\WWW\advanced\vendor\yiisoft\yii2\db\mysql\Schema.php(348): yii\db\Command->queryColumn()
#6 D:\phpStudy\WWW\advanced\vendor\yiisoft\yii2\db\Schema.php(231): yii\db\mysql\Schema->findTableNames('<span class="st...')
#7 D:\phpStudy\WWW\advanced\vendor\yiisoft\yii2-gii\generators\model\Generator.php(158): yii\db\Schema->getTableNames()
#8 [internal function]: yii\gii\generators\model\Generator->yii\gii\generators\model\{closure}()
#9 D:\phpStudy\WWW\advanced\vendor\yiisoft\yii2-gii\components\ActiveField.php(41): call_user_func(Object(Closure))
#10 D:\phpStudy\WWW\advanced\vendor\yiisoft\yii2\base\Object.php(107): yii\gii\components\ActiveField->init()
#11 [internal function]: yii\base\Object->__construct('[<span class="s...')
#12 D:\phpStudy\WWW\advanced\vendor\yiisoft\yii2\di\Container.php(379): ReflectionClass->newInstanceArgs('[[<span class="...')
#13 D:\phpStudy\WWW\advanced\vendor\yiisoft\yii2\di\Container.php(154): yii\di\Container->build('<span class="st...', '[]', '[<span class="s...')
#14 D:\phpStudy\WWW\advanced\vendor\yiisoft\yii2\BaseYii.php(344): yii\di\Container->get('<span class="st...', '[]', '[<span class="s...')
#15 D:\phpStudy\WWW\advanced\vendor\yiisoft\yii2\widgets\ActiveForm.php(293): yii\BaseYii::createObject('[<span class="s...')
#16 D:\phpStudy\WWW\advanced\vendor\yiisoft\yii2-gii\generators\model\form.php(9): yii\widgets\ActiveForm->field(Object(yii\gii\generators\model\Generator), '<span class="st...')
#17 D:\phpStudy\WWW\advanced\vendor\yiisoft\yii2\base\View.php(325): require('D:\\phpStudy\\WWW...')
#18 D:\phpStudy\WWW\advanced\vendor\yiisoft\yii2\base\View.php(247): yii\base\View->renderPhpFile('<span class="st...', '[<span class="s...')
#19 D:\phpStudy\WWW\advanced\vendor\yiisoft\yii2-gii\views\default\view.php(38): yii\base\View->renderFile('<span class="st...', '[<span class="s...')
#20 D:\phpStudy\WWW\advanced\vendor\yiisoft\yii2\base\View.php(325): require('D:\\phpStudy\\WWW...')
#21 D:\phpStudy\WWW\advanced\vendor\yiisoft\yii2\base\View.php(247): yii\base\View->renderPhpFile('<span class="st...', '[<span class="s...')
#22 D:\phpStudy\WWW\advanced\vendor\yiisoft\yii2\base\View.php(149): yii\base\View->renderFile('<span class="st...', '[<span class="s...', Object(yii\gii\controllers\DefaultController))
#23 D:\phpStudy\WWW\advanced\vendor\yiisoft\yii2\base\Controller.php(378): yii\base\View->render('<span class="st...', '[<span class="s...', Object(yii\gii\controllers\DefaultController))
#24 D:\phpStudy\WWW\advanced\vendor\yiisoft\yii2-gii\controllers\DefaultController.php(61): yii\base\Controller->render('<span class="st...', '[<span class="s...')
#25 [internal function]: yii\gii\controllers\DefaultController->actionView('<span class="st...')
#26 D:\phpStudy\WWW\advanced\vendor\yiisoft\yii2\base\InlineAction.php(55): call_user_func_array('[<span class="t...', '[<span class="s...')
#27 D:\phpStudy\WWW\advanced\vendor\yiisoft\yii2\base\Controller.php(154): yii\base\InlineAction->runWithParams('[<span class="s...')
#28 D:\phpStudy\WWW\advanced\vendor\yiisoft\yii2\base\Module.php(454): yii\base\Controller->runAction('<span class="st...', '[<span class="s...')
#29 D:\phpStudy\WWW\advanced\vendor\yiisoft\yii2\web\Application.php(87): yii\base\Module->runAction('<span class="st...', '[<span class="s...')
#30 D:\phpStudy\WWW\advanced\vendor\yiisoft\yii2\base\Application.php(375): yii\web\Application->handleRequest(Object(yii\web\Request))
#31 D:\phpStudy\WWW\advanced\frontend\web\index.php(18): yii\base\Application->run()
#32 {main}
Additional Information:

2016-11-26 15:51:09 [::1][-][-][info][application] $_GET = [
    'r' => 'gii/default/view'
    'id' => 'model'
]

$_COOKIE = [
    'advanced-frontend' => '3d5ubj0153dq6tpgm5m3hj1h95'
    '_csrf-frontend' => 'cc07c7fc6a7d9441c3f9628a7bd2c23f8e7cd4f3812962ed63733702bec126d8a:2:{i:0;s:14:\"_csrf-frontend\";i:1;s:32:\"KbxSQuJrvi1JtWaiJ9wwkmUqpc5bGzlI\";}'
]

$_SERVER = [
    'PATH' => 'C:\\Windows\\system32;C:\\Windows;C:\\Windows\\System32\\Wbem;C:\\Windows\\System32\\WindowsPowerShell\\v1.0\\;D:\\svn\\bin;C:\\Users\\王韩峰\\AppData\\Local\\Microsoft\\WindowsApps;'
    'SYSTEMROOT' => 'C:\\Windows'
    'COMSPEC' => 'C:\\Windows\\system32\\cmd.exe'
    'PATHEXT' => '.COM;.EXE;.BAT;.CMD;.VBS;.VBE;.JS;.JSE;.WSF;.WSH;.MSC'
    'WINDIR' => 'C:\\Windows'
    'PHP_FCGI_MAX_REQUESTS' => '1000'
    'PHPRC' => 'D:/phpStudy/php55n'
    '_FCGI_SHUTDOWN_EVENT_' => '2148'
    'SCRIPT_NAME' => '/advanced/frontend/web/index.php'
    'REQUEST_URI' => '/advanced/frontend/web/index.php?r=gii%2Fdefault%2Fview&id=model'
    'QUERY_STRING' => 'r=gii%2Fdefault%2Fview&id=model'
    'REQUEST_METHOD' => 'GET'
    'SERVER_PROTOCOL' => 'HTTP/1.1'
    'GATEWAY_INTERFACE' => 'CGI/1.1'
    'REMOTE_PORT' => '54138'
    'SCRIPT_FILENAME' => 'D:/phpStudy/WWW/advanced/frontend/web/index.php'
    'SERVER_ADMIN' => 'admin@phpStudy.net'
    'CONTEXT_DOCUMENT_ROOT' => 'D:/phpStudy/WWW'
    'CONTEXT_PREFIX' => ''
    'REQUEST_SCHEME' => 'http'
    'DOCUMENT_ROOT' => 'D:/phpStudy/WWW'
    'REMOTE_ADDR' => '::1'
    'SERVER_PORT' => '80'
    'SERVER_ADDR' => '::1'
    'SERVER_NAME' => 'localhost'
    'SERVER_SOFTWARE' => 'Apache/2.4.10 (Win32) OpenSSL/1.0.1i mod_fcgid/2.3.9'
    'SERVER_SIGNATURE' => ''
    'SystemRoot' => 'C:\\Windows'
    'HTTP_COOKIE' => 'advanced-frontend=3d5ubj0153dq6tpgm5m3hj1h95; _csrf-frontend=cc07c7fc6a7d9441c3f9628a7bd2c23f8e7cd4f3812962ed63733702bec126d8a%3A2%3A%7Bi%3A0%3Bs%3A14%3A%22_csrf-frontend%22%3Bi%3A1%3Bs%3A32%3A%22KbxSQuJrvi1JtWaiJ9wwkmUqpc5bGzlI%22%3B%7D'
    'HTTP_ACCEPT_LANGUAGE' => 'zh-CN,zh;q=0.8'
    'HTTP_ACCEPT_ENCODING' => 'gzip, deflate, sdch'
    'HTTP_REFERER' => 'http://localhost/advanced/frontend/web/index.php?r=gii'
    'HTTP_USER_AGENT' => 'Mozilla/5.0 (Windows NT 10.0; WOW64) AppleWebKit/537.36 (KHTML, like Gecko) Chrome/45.0.2454.101 Safari/537.36'
    'HTTP_UPGRADE_INSECURE_REQUESTS' => '1'
    'HTTP_ACCEPT' => 'text/html,application/xhtml+xml,application/xml;q=0.9,image/webp,*/*;q=0.8'
    'HTTP_CONNECTION' => 'close'
    'HTTP_HOST' => 'localhost'
    'FCGI_ROLE' => 'RESPONDER'
    'PHP_SELF' => '/advanced/frontend/web/index.php'
    'REQUEST_TIME_FLOAT' => 1480146669.1343
    'REQUEST_TIME' => 1480146669
]
2017-02-22 09:26:26 [::1][-][-][error][yii\base\InvalidParamException] exception 'yii\base\InvalidParamException' with message 'The view file does not exist: D:\phpStudy\WWW\advanced\frontend\views\site\Index/index.php' in D:\phpStudy\WWW\advanced\vendor\yiisoft\yii2\base\View.php:226
Stack trace:
#0 D:\phpStudy\WWW\advanced\vendor\yiisoft\yii2\base\View.php(149): yii\base\View->renderFile('D:\\phpStudy\\WWW...', Array, Object(frontend\controllers\SiteController))
#1 D:\phpStudy\WWW\advanced\vendor\yiisoft\yii2\base\Controller.php(378): yii\base\View->render('Index/index', Array, Object(frontend\controllers\SiteController))
#2 D:\phpStudy\WWW\advanced\frontend\controllers\SiteController.php(75): yii\base\Controller->render('Index/index')
#3 [internal function]: frontend\controllers\SiteController->actionIndex()
#4 D:\phpStudy\WWW\advanced\vendor\yiisoft\yii2\base\InlineAction.php(55): call_user_func_array(Array, Array)
#5 D:\phpStudy\WWW\advanced\vendor\yiisoft\yii2\base\Controller.php(154): yii\base\InlineAction->runWithParams(Array)
#6 D:\phpStudy\WWW\advanced\vendor\yiisoft\yii2\base\Module.php(454): yii\base\Controller->runAction('', Array)
#7 D:\phpStudy\WWW\advanced\vendor\yiisoft\yii2\web\Application.php(87): yii\base\Module->runAction('', Array)
#8 D:\phpStudy\WWW\advanced\vendor\yiisoft\yii2\base\Application.php(375): yii\web\Application->handleRequest(Object(yii\web\Request))
#9 D:\phpStudy\WWW\advanced\frontend\web\index.php(18): yii\base\Application->run()
#10 {main}
2017-02-22 09:26:26 [::1][-][-][info][application] $_COOKIE = [
    'CNZZDATA1702264' => 'cnzz_eid=1558261891-1486944903-http%3A%2F%2Flocalhost%2F&ntime=1487053809'
    'CNZZDATA1254932726' => '243158352-1486960596-http%3A%2F%2Flocalhost%2F|1487586402'
    'TS4_TSV4_LOGGED_USER' => 'LYVY1skhtjM+7o99ecrBSWmVn44xpcnv'
    '_csrf' => 'cc479c34f5214a177ba92e6b69c5d6102bad82594af914671aa23fa89741ef9da:2:{i:0;s:5:\"_csrf\";i:1;s:32:\"qCVDC_qvo7jRPswY41KqqU20MidpYcX6\";}'
    'advanced-frontend' => 'fkr56700tcj6c3a5skbefbimb5'
    '_csrf-frontend' => 'd65e53a304a08c68e57eda2b5e215e6668c5a9ffea1ee5c0ba578b52c14be7a4a:2:{i:0;s:14:\"_csrf-frontend\";i:1;s:32:\"7bfGx7sMBSXa2sgQ22R42Vtsxtde-p5d\";}'
    'advanced-backend' => 'p38f58mrchfc93e5ichopigi25'
    '_csrf-backend' => '8eb84696dab92da1ab4cb1fc2a9477f1b9d88117efa64e9d6ee607e3ae84964ca:2:{i:0;s:13:\"_csrf-backend\";i:1;s:32:\"5ZBOzIRcmtDgxGaZeNNgy9u-nYnaYKnl\";}'
]

$_SERVER = [
    'PATH' => 'C:\\Windows\\system32;C:\\Windows;C:\\Windows\\System32\\Wbem;C:\\Windows\\System32\\WindowsPowerShell\\v1.0\\;D:\\svn\\bin;D:\\phpStudy\\php55n;C:\\ProgramData\\ComposerSetup\\bin;D:\\Git\\cmd;C:\\Program Files\\TortoiseGit\\bin;C:\\Users\\王韩峰\\AppData\\Local\\Microsoft\\WindowsApps;C:\\Users\\王韩峰\\AppData\\Roaming\\Composer\\vendor\\bin'
    'SYSTEMROOT' => 'C:\\Windows'
    'COMSPEC' => 'C:\\Windows\\system32\\cmd.exe'
    'PATHEXT' => '.COM;.EXE;.BAT;.CMD;.VBS;.VBE;.JS;.JSE;.WSF;.WSH;.MSC'
    'WINDIR' => 'C:\\Windows'
    'PHP_FCGI_MAX_REQUESTS' => '1000'
    'PHPRC' => 'D:/phpStudy/php55n'
    '_FCGI_SHUTDOWN_EVENT_' => '2180'
    'SCRIPT_NAME' => '/advanced/frontend/web/index.php'
    'REQUEST_URI' => '/advanced/frontend/web/'
    'QUERY_STRING' => ''
    'REQUEST_METHOD' => 'GET'
    'SERVER_PROTOCOL' => 'HTTP/1.1'
    'GATEWAY_INTERFACE' => 'CGI/1.1'
    'REMOTE_PORT' => '56175'
    'SCRIPT_FILENAME' => 'D:/phpStudy/WWW/advanced/frontend/web/index.php'
    'SERVER_ADMIN' => 'admin@phpStudy.net'
    'CONTEXT_DOCUMENT_ROOT' => 'D:/phpStudy/WWW'
    'CONTEXT_PREFIX' => ''
    'REQUEST_SCHEME' => 'http'
    'DOCUMENT_ROOT' => 'D:/phpStudy/WWW'
    'REMOTE_ADDR' => '::1'
    'SERVER_PORT' => '80'
    'SERVER_ADDR' => '::1'
    'SERVER_NAME' => 'localhost'
    'SERVER_SOFTWARE' => 'Apache/2.4.10 (Win32) OpenSSL/1.0.1i mod_fcgid/2.3.9'
    'SERVER_SIGNATURE' => ''
    'SystemRoot' => 'C:\\Windows'
    'HTTP_UPGRADE_INSECURE_REQUESTS' => '1'
    'HTTP_CONNECTION' => 'close'
    'HTTP_COOKIE' => 'CNZZDATA1702264=cnzz_eid%3D1558261891-1486944903-http%253A%252F%252Flocalhost%252F%26ntime%3D1487053809; CNZZDATA1254932726=243158352-1486960596-http%253A%252F%252Flocalhost%252F%7C1487586402; TS4_TSV4_LOGGED_USER=LYVY1skhtjM%2B7o99ecrBSWmVn44xpcnv; _csrf=cc479c34f5214a177ba92e6b69c5d6102bad82594af914671aa23fa89741ef9da%3A2%3A%7Bi%3A0%3Bs%3A5%3A%22_csrf%22%3Bi%3A1%3Bs%3A32%3A%22qCVDC_qvo7jRPswY41KqqU20MidpYcX6%22%3B%7D; advanced-frontend=fkr56700tcj6c3a5skbefbimb5; _csrf-frontend=d65e53a304a08c68e57eda2b5e215e6668c5a9ffea1ee5c0ba578b52c14be7a4a%3A2%3A%7Bi%3A0%3Bs%3A14%3A%22_csrf-frontend%22%3Bi%3A1%3Bs%3A32%3A%227bfGx7sMBSXa2sgQ22R42Vtsxtde-p5d%22%3B%7D; advanced-backend=p38f58mrchfc93e5ichopigi25; _csrf-backend=8eb84696dab92da1ab4cb1fc2a9477f1b9d88117efa64e9d6ee607e3ae84964ca%3A2%3A%7Bi%3A0%3Bs%3A13%3A%22_csrf-backend%22%3Bi%3A1%3Bs%3A32%3A%225ZBOzIRcmtDgxGaZeNNgy9u-nYnaYKnl%22%3B%7D'
    'HTTP_ACCEPT_ENCODING' => 'gzip, deflate'
    'HTTP_ACCEPT_LANGUAGE' => 'zh-CN,zh;q=0.8,en-US;q=0.5,en;q=0.3'
    'HTTP_ACCEPT' => 'text/html,application/xhtml+xml,application/xml;q=0.9,*/*;q=0.8'
    'HTTP_USER_AGENT' => 'Mozilla/5.0 (Windows NT 10.0; WOW64; rv:51.0) Gecko/20100101 Firefox/51.0'
    'HTTP_HOST' => 'localhost'
    'FCGI_ROLE' => 'RESPONDER'
    'PHP_SELF' => '/advanced/frontend/web/index.php'
    'REQUEST_TIME_FLOAT' => 1487726786.4999
    'REQUEST_TIME' => 1487726786
]
2017-02-22 09:26:40 [::1][-][-][error][yii\base\InvalidParamException] exception 'yii\base\InvalidParamException' with message 'The view file does not exist: D:\phpStudy\WWW\advanced\frontend\views\site\Index\index.php' in D:\phpStudy\WWW\advanced\vendor\yiisoft\yii2\base\View.php:226
Stack trace:
#0 D:\phpStudy\WWW\advanced\vendor\yiisoft\yii2\base\View.php(149): yii\base\View->renderFile('D:\\phpStudy\\WWW...', Array, Object(frontend\controllers\SiteController))
#1 D:\phpStudy\WWW\advanced\vendor\yiisoft\yii2\base\Controller.php(378): yii\base\View->render('Index\\index', Array, Object(frontend\controllers\SiteController))
#2 D:\phpStudy\WWW\advanced\frontend\controllers\SiteController.php(75): yii\base\Controller->render('Index\\index')
#3 [internal function]: frontend\controllers\SiteController->actionIndex()
#4 D:\phpStudy\WWW\advanced\vendor\yiisoft\yii2\base\InlineAction.php(55): call_user_func_array(Array, Array)
#5 D:\phpStudy\WWW\advanced\vendor\yiisoft\yii2\base\Controller.php(154): yii\base\InlineAction->runWithParams(Array)
#6 D:\phpStudy\WWW\advanced\vendor\yiisoft\yii2\base\Module.php(454): yii\base\Controller->runAction('', Array)
#7 D:\phpStudy\WWW\advanced\vendor\yiisoft\yii2\web\Application.php(87): yii\base\Module->runAction('', Array)
#8 D:\phpStudy\WWW\advanced\vendor\yiisoft\yii2\base\Application.php(375): yii\web\Application->handleRequest(Object(yii\web\Request))
#9 D:\phpStudy\WWW\advanced\frontend\web\index.php(18): yii\base\Application->run()
#10 {main}
2017-02-22 09:26:40 [::1][-][-][info][application] $_COOKIE = [
    'CNZZDATA1702264' => 'cnzz_eid=1558261891-1486944903-http%3A%2F%2Flocalhost%2F&ntime=1487053809'
    'CNZZDATA1254932726' => '243158352-1486960596-http%3A%2F%2Flocalhost%2F|1487586402'
    'TS4_TSV4_LOGGED_USER' => 'LYVY1skhtjM+7o99ecrBSWmVn44xpcnv'
    '_csrf' => 'cc479c34f5214a177ba92e6b69c5d6102bad82594af914671aa23fa89741ef9da:2:{i:0;s:5:\"_csrf\";i:1;s:32:\"qCVDC_qvo7jRPswY41KqqU20MidpYcX6\";}'
    'advanced-frontend' => 'fkr56700tcj6c3a5skbefbimb5'
    '_csrf-frontend' => 'd65e53a304a08c68e57eda2b5e215e6668c5a9ffea1ee5c0ba578b52c14be7a4a:2:{i:0;s:14:\"_csrf-frontend\";i:1;s:32:\"7bfGx7sMBSXa2sgQ22R42Vtsxtde-p5d\";}'
    'advanced-backend' => 'p38f58mrchfc93e5ichopigi25'
    '_csrf-backend' => '8eb84696dab92da1ab4cb1fc2a9477f1b9d88117efa64e9d6ee607e3ae84964ca:2:{i:0;s:13:\"_csrf-backend\";i:1;s:32:\"5ZBOzIRcmtDgxGaZeNNgy9u-nYnaYKnl\";}'
]

$_SERVER = [
    'PATH' => 'C:\\Windows\\system32;C:\\Windows;C:\\Windows\\System32\\Wbem;C:\\Windows\\System32\\WindowsPowerShell\\v1.0\\;D:\\svn\\bin;D:\\phpStudy\\php55n;C:\\ProgramData\\ComposerSetup\\bin;D:\\Git\\cmd;C:\\Program Files\\TortoiseGit\\bin;C:\\Users\\王韩峰\\AppData\\Local\\Microsoft\\WindowsApps;C:\\Users\\王韩峰\\AppData\\Roaming\\Composer\\vendor\\bin'
    'SYSTEMROOT' => 'C:\\Windows'
    'COMSPEC' => 'C:\\Windows\\system32\\cmd.exe'
    'PATHEXT' => '.COM;.EXE;.BAT;.CMD;.VBS;.VBE;.JS;.JSE;.WSF;.WSH;.MSC'
    'WINDIR' => 'C:\\Windows'
    'PHP_FCGI_MAX_REQUESTS' => '1000'
    'PHPRC' => 'D:/phpStudy/php55n'
    '_FCGI_SHUTDOWN_EVENT_' => '2204'
    'SCRIPT_NAME' => '/advanced/frontend/web/index.php'
    'REQUEST_URI' => '/advanced/frontend/web/'
    'QUERY_STRING' => ''
    'REQUEST_METHOD' => 'GET'
    'SERVER_PROTOCOL' => 'HTTP/1.1'
    'GATEWAY_INTERFACE' => 'CGI/1.1'
    'REMOTE_PORT' => '56178'
    'SCRIPT_FILENAME' => 'D:/phpStudy/WWW/advanced/frontend/web/index.php'
    'SERVER_ADMIN' => 'admin@phpStudy.net'
    'CONTEXT_DOCUMENT_ROOT' => 'D:/phpStudy/WWW'
    'CONTEXT_PREFIX' => ''
    'REQUEST_SCHEME' => 'http'
    'DOCUMENT_ROOT' => 'D:/phpStudy/WWW'
    'REMOTE_ADDR' => '::1'
    'SERVER_PORT' => '80'
    'SERVER_ADDR' => '::1'
    'SERVER_NAME' => 'localhost'
    'SERVER_SOFTWARE' => 'Apache/2.4.10 (Win32) OpenSSL/1.0.1i mod_fcgid/2.3.9'
    'SERVER_SIGNATURE' => ''
    'SystemRoot' => 'C:\\Windows'
    'HTTP_UPGRADE_INSECURE_REQUESTS' => '1'
    'HTTP_CONNECTION' => 'close'
    'HTTP_COOKIE' => 'CNZZDATA1702264=cnzz_eid%3D1558261891-1486944903-http%253A%252F%252Flocalhost%252F%26ntime%3D1487053809; CNZZDATA1254932726=243158352-1486960596-http%253A%252F%252Flocalhost%252F%7C1487586402; TS4_TSV4_LOGGED_USER=LYVY1skhtjM%2B7o99ecrBSWmVn44xpcnv; _csrf=cc479c34f5214a177ba92e6b69c5d6102bad82594af914671aa23fa89741ef9da%3A2%3A%7Bi%3A0%3Bs%3A5%3A%22_csrf%22%3Bi%3A1%3Bs%3A32%3A%22qCVDC_qvo7jRPswY41KqqU20MidpYcX6%22%3B%7D; advanced-frontend=fkr56700tcj6c3a5skbefbimb5; _csrf-frontend=d65e53a304a08c68e57eda2b5e215e6668c5a9ffea1ee5c0ba578b52c14be7a4a%3A2%3A%7Bi%3A0%3Bs%3A14%3A%22_csrf-frontend%22%3Bi%3A1%3Bs%3A32%3A%227bfGx7sMBSXa2sgQ22R42Vtsxtde-p5d%22%3B%7D; advanced-backend=p38f58mrchfc93e5ichopigi25; _csrf-backend=8eb84696dab92da1ab4cb1fc2a9477f1b9d88117efa64e9d6ee607e3ae84964ca%3A2%3A%7Bi%3A0%3Bs%3A13%3A%22_csrf-backend%22%3Bi%3A1%3Bs%3A32%3A%225ZBOzIRcmtDgxGaZeNNgy9u-nYnaYKnl%22%3B%7D'
    'HTTP_ACCEPT_ENCODING' => 'gzip, deflate'
    'HTTP_ACCEPT_LANGUAGE' => 'zh-CN,zh;q=0.8,en-US;q=0.5,en;q=0.3'
    'HTTP_ACCEPT' => 'text/html,application/xhtml+xml,application/xml;q=0.9,*/*;q=0.8'
    'HTTP_USER_AGENT' => 'Mozilla/5.0 (Windows NT 10.0; WOW64; rv:51.0) Gecko/20100101 Firefox/51.0'
    'HTTP_HOST' => 'localhost'
    'FCGI_ROLE' => 'RESPONDER'
    'PHP_SELF' => '/advanced/frontend/web/index.php'
    'REQUEST_TIME_FLOAT' => 1487726800.3809
    'REQUEST_TIME' => 1487726800
]
2017-02-22 10:16:51 [::1][-][-][error][yii\web\HttpException:404] exception 'yii\base\InvalidRouteException' with message 'Unable to resolve the request "list/list".' in D:\phpStudy\WWW\advanced\vendor\yiisoft\yii2\base\Module.php:460
Stack trace:
#0 D:\phpStudy\WWW\advanced\vendor\yiisoft\yii2\web\Application.php(87): yii\base\Module->runAction('list/list', Array)
#1 D:\phpStudy\WWW\advanced\vendor\yiisoft\yii2\base\Application.php(375): yii\web\Application->handleRequest(Object(yii\web\Request))
#2 D:\phpStudy\WWW\advanced\frontend\web\index.php(18): yii\base\Application->run()
#3 {main}

Next exception 'yii\web\NotFoundHttpException' with message 'Page not found.' in D:\phpStudy\WWW\advanced\vendor\yiisoft\yii2\web\Application.php:99
Stack trace:
#0 D:\phpStudy\WWW\advanced\vendor\yiisoft\yii2\base\Application.php(375): yii\web\Application->handleRequest(Object(yii\web\Request))
#1 D:\phpStudy\WWW\advanced\frontend\web\index.php(18): yii\base\Application->run()
#2 {main}
2017-02-22 10:16:51 [::1][-][-][info][application] $_GET = [
    'r' => 'list/list'
]

$_COOKIE = [
    'CNZZDATA1702264' => 'cnzz_eid=1558261891-1486944903-http%3A%2F%2Flocalhost%2F&ntime=1487053809'
    'CNZZDATA1254932726' => '243158352-1486960596-http%3A%2F%2Flocalhost%2F|1487586402'
    'TS4_TSV4_LOGGED_USER' => 'LYVY1skhtjM+7o99ecrBSWmVn44xpcnv'
    '_csrf' => 'cc479c34f5214a177ba92e6b69c5d6102bad82594af914671aa23fa89741ef9da:2:{i:0;s:5:\"_csrf\";i:1;s:32:\"qCVDC_qvo7jRPswY41KqqU20MidpYcX6\";}'
    'advanced-frontend' => 'fkr56700tcj6c3a5skbefbimb5'
    '_csrf-frontend' => 'd65e53a304a08c68e57eda2b5e215e6668c5a9ffea1ee5c0ba578b52c14be7a4a:2:{i:0;s:14:\"_csrf-frontend\";i:1;s:32:\"7bfGx7sMBSXa2sgQ22R42Vtsxtde-p5d\";}'
    'advanced-backend' => 'p38f58mrchfc93e5ichopigi25'
    '_csrf-backend' => '8eb84696dab92da1ab4cb1fc2a9477f1b9d88117efa64e9d6ee607e3ae84964ca:2:{i:0;s:13:\"_csrf-backend\";i:1;s:32:\"5ZBOzIRcmtDgxGaZeNNgy9u-nYnaYKnl\";}'
]

$_SERVER = [
    'PATH' => 'C:\\Windows\\system32;C:\\Windows;C:\\Windows\\System32\\Wbem;C:\\Windows\\System32\\WindowsPowerShell\\v1.0\\;D:\\svn\\bin;D:\\phpStudy\\php55n;C:\\ProgramData\\ComposerSetup\\bin;D:\\Git\\cmd;C:\\Program Files\\TortoiseGit\\bin;C:\\Users\\王韩峰\\AppData\\Local\\Microsoft\\WindowsApps;C:\\Users\\王韩峰\\AppData\\Roaming\\Composer\\vendor\\bin'
    'SYSTEMROOT' => 'C:\\Windows'
    'COMSPEC' => 'C:\\Windows\\system32\\cmd.exe'
    'PATHEXT' => '.COM;.EXE;.BAT;.CMD;.VBS;.VBE;.JS;.JSE;.WSF;.WSH;.MSC'
    'WINDIR' => 'C:\\Windows'
    'PHP_FCGI_MAX_REQUESTS' => '1000'
    'PHPRC' => 'D:/phpStudy/php55n'
    '_FCGI_SHUTDOWN_EVENT_' => '2244'
    'SCRIPT_NAME' => '/advanced/frontend/web/index.php'
    'REQUEST_URI' => '/advanced/frontend/web/?r=list/list'
    'QUERY_STRING' => 'r=list/list'
    'REQUEST_METHOD' => 'GET'
    'SERVER_PROTOCOL' => 'HTTP/1.1'
    'GATEWAY_INTERFACE' => 'CGI/1.1'
    'REMOTE_PORT' => '56902'
    'SCRIPT_FILENAME' => 'D:/phpStudy/WWW/advanced/frontend/web/index.php'
    'SERVER_ADMIN' => 'admin@phpStudy.net'
    'CONTEXT_DOCUMENT_ROOT' => 'D:/phpStudy/WWW'
    'CONTEXT_PREFIX' => ''
    'REQUEST_SCHEME' => 'http'
    'DOCUMENT_ROOT' => 'D:/phpStudy/WWW'
    'REMOTE_ADDR' => '::1'
    'SERVER_PORT' => '80'
    'SERVER_ADDR' => '::1'
    'SERVER_NAME' => 'localhost'
    'SERVER_SOFTWARE' => 'Apache/2.4.10 (Win32) OpenSSL/1.0.1i mod_fcgid/2.3.9'
    'SERVER_SIGNATURE' => ''
    'SystemRoot' => 'C:\\Windows'
    'HTTP_UPGRADE_INSECURE_REQUESTS' => '1'
    'HTTP_CONNECTION' => 'close'
    'HTTP_COOKIE' => 'CNZZDATA1702264=cnzz_eid%3D1558261891-1486944903-http%253A%252F%252Flocalhost%252F%26ntime%3D1487053809; CNZZDATA1254932726=243158352-1486960596-http%253A%252F%252Flocalhost%252F%7C1487586402; TS4_TSV4_LOGGED_USER=LYVY1skhtjM%2B7o99ecrBSWmVn44xpcnv; _csrf=cc479c34f5214a177ba92e6b69c5d6102bad82594af914671aa23fa89741ef9da%3A2%3A%7Bi%3A0%3Bs%3A5%3A%22_csrf%22%3Bi%3A1%3Bs%3A32%3A%22qCVDC_qvo7jRPswY41KqqU20MidpYcX6%22%3B%7D; advanced-frontend=fkr56700tcj6c3a5skbefbimb5; _csrf-frontend=d65e53a304a08c68e57eda2b5e215e6668c5a9ffea1ee5c0ba578b52c14be7a4a%3A2%3A%7Bi%3A0%3Bs%3A14%3A%22_csrf-frontend%22%3Bi%3A1%3Bs%3A32%3A%227bfGx7sMBSXa2sgQ22R42Vtsxtde-p5d%22%3B%7D; advanced-backend=p38f58mrchfc93e5ichopigi25; _csrf-backend=8eb84696dab92da1ab4cb1fc2a9477f1b9d88117efa64e9d6ee607e3ae84964ca%3A2%3A%7Bi%3A0%3Bs%3A13%3A%22_csrf-backend%22%3Bi%3A1%3Bs%3A32%3A%225ZBOzIRcmtDgxGaZeNNgy9u-nYnaYKnl%22%3B%7D'
    'HTTP_ACCEPT_ENCODING' => 'gzip, deflate'
    'HTTP_ACCEPT_LANGUAGE' => 'zh-CN,zh;q=0.8,en-US;q=0.5,en;q=0.3'
    'HTTP_ACCEPT' => 'text/html,application/xhtml+xml,application/xml;q=0.9,*/*;q=0.8'
    'HTTP_USER_AGENT' => 'Mozilla/5.0 (Windows NT 10.0; WOW64; rv:51.0) Gecko/20100101 Firefox/51.0'
    'HTTP_HOST' => 'localhost'
    'FCGI_ROLE' => 'RESPONDER'
    'PHP_SELF' => '/advanced/frontend/web/index.php'
    'REQUEST_TIME_FLOAT' => 1487729811.2218
    'REQUEST_TIME' => 1487729811
]
2017-02-22 13:13:33 [221.221.146.253][-][-][error][yii\base\InvalidParamException] exception 'yii\base\InvalidParamException' with message 'The view file does not exist: /data/wwwroot/yfc/frontend/views/index/index.php' in /data/wwwroot/yfc/vendor/yiisoft/yii2/base/View.php:226
Stack trace:
#0 /data/wwwroot/yfc/vendor/yiisoft/yii2/base/View.php(149): yii\base\View->renderFile('/data/wwwroot/y...', Array, Object(frontend\controllers\IndexController))
#1 /data/wwwroot/yfc/vendor/yiisoft/yii2/base/Controller.php(378): yii\base\View->render('index', Array, Object(frontend\controllers\IndexController))
#2 /data/wwwroot/yfc/frontend/controllers/IndexController.php(19): yii\base\Controller->render('index')
#3 [internal function]: frontend\controllers\IndexController->actionIndex()
#4 /data/wwwroot/yfc/vendor/yiisoft/yii2/base/InlineAction.php(55): call_user_func_array(Array, Array)
#5 /data/wwwroot/yfc/vendor/yiisoft/yii2/base/Controller.php(154): yii\base\InlineAction->runWithParams(Array)
#6 /data/wwwroot/yfc/vendor/yiisoft/yii2/base/Module.php(454): yii\base\Controller->runAction('index', Array)
#7 /data/wwwroot/yfc/vendor/yiisoft/yii2/web/Application.php(87): yii\base\Module->runAction('index/index', Array)
#8 /data/wwwroot/yfc/vendor/yiisoft/yii2/base/Application.php(375): yii\web\Application->handleRequest(Object(yii\web\Request))
#9 /data/wwwroot/yfc/frontend/web/index.php(18): yii\base\Application->run()
#10 {main}
2017-02-22 13:13:33 [221.221.146.253][-][-][warning][yii\debug\Module::checkAccess] Access to debugger is denied due to IP address restriction. The requesting IP address is 221.221.146.253
2017-02-22 13:13:33 [221.221.146.253][-][-][info][application] $_GET = [
    'r' => 'index/index'
]

$_SERVER = [
    'TEMP' => '/tmp'
    'TMPDIR' => '/tmp'
    'TMP' => '/tmp'
    'PATH' => '/usr/local/bin:/usr/bin:/bin'
    'USER' => 'www'
    'HOME' => '/home/www'
    'FCGI_ROLE' => 'RESPONDER'
    'SCRIPT_FILENAME' => '/data/wwwroot/yfc/frontend/web/index.php'
    'QUERY_STRING' => 'r=index/index'
    'REQUEST_METHOD' => 'GET'
    'CONTENT_TYPE' => ''
    'CONTENT_LENGTH' => ''
    'SCRIPT_NAME' => '/index.php'
    'REQUEST_URI' => '/?r=index/index'
    'DOCUMENT_URI' => '/index.php'
    'DOCUMENT_ROOT' => '/data/wwwroot/yfc/frontend/web'
    'SERVER_PROTOCOL' => 'HTTP/1.1'
    'REQUEST_SCHEME' => 'http'
    'GATEWAY_INTERFACE' => 'CGI/1.1'
    'SERVER_SOFTWARE' => 'nginx/1.10.1'
    'REMOTE_ADDR' => '221.221.146.253'
    'REMOTE_PORT' => '54447'
    'SERVER_ADDR' => '172.17.0.14'
    'SERVER_PORT' => '80'
    'SERVER_NAME' => '_'
    'REDIRECT_STATUS' => '200'
    'HTTP_HOST' => 'www.kuqingshu.com'
    'HTTP_USER_AGENT' => 'Mozilla/5.0 (Windows NT 6.1; rv:45.0) Gecko/20100101 Firefox/45.0'
    'HTTP_ACCEPT' => 'text/html,application/xhtml+xml,application/xml;q=0.9,*/*;q=0.8'
    'HTTP_ACCEPT_LANGUAGE' => 'zh-CN,zh;q=0.8,en-US;q=0.5,en;q=0.3'
    'HTTP_ACCEPT_ENCODING' => 'gzip, deflate'
    'HTTP_CONNECTION' => 'keep-alive'
    'PHP_SELF' => '/index.php'
    'REQUEST_TIME_FLOAT' => 1487740413.1587
    'REQUEST_TIME' => 1487740413
]
2017-02-22 13:18:42 [221.221.160.212][-][-][error][yii\base\InvalidParamException] exception 'yii\base\InvalidParamException' with message 'The view file does not exist: /data/wwwroot/yfc/frontend/views/index/index.php' in /data/wwwroot/yfc/vendor/yiisoft/yii2/base/View.php:226
Stack trace:
#0 /data/wwwroot/yfc/vendor/yiisoft/yii2/base/View.php(149): yii\base\View->renderFile('/data/wwwroot/y...', Array, Object(frontend\controllers\IndexController))
#1 /data/wwwroot/yfc/vendor/yiisoft/yii2/base/Controller.php(378): yii\base\View->render('index', Array, Object(frontend\controllers\IndexController))
#2 /data/wwwroot/yfc/frontend/controllers/IndexController.php(19): yii\base\Controller->render('index')
#3 [internal function]: frontend\controllers\IndexController->actionIndex()
#4 /data/wwwroot/yfc/vendor/yiisoft/yii2/base/InlineAction.php(55): call_user_func_array(Array, Array)
#5 /data/wwwroot/yfc/vendor/yiisoft/yii2/base/Controller.php(154): yii\base\InlineAction->runWithParams(Array)
#6 /data/wwwroot/yfc/vendor/yiisoft/yii2/base/Module.php(454): yii\base\Controller->runAction('index', Array)
#7 /data/wwwroot/yfc/vendor/yiisoft/yii2/web/Application.php(87): yii\base\Module->runAction('index/index', Array)
#8 /data/wwwroot/yfc/vendor/yiisoft/yii2/base/Application.php(375): yii\web\Application->handleRequest(Object(yii\web\Request))
#9 /data/wwwroot/yfc/frontend/web/index.php(18): yii\base\Application->run()
#10 {main}
2017-02-22 13:18:42 [221.221.160.212][-][-][warning][yii\debug\Module::checkAccess] Access to debugger is denied due to IP address restriction. The requesting IP address is 221.221.160.212
2017-02-22 13:18:42 [221.221.160.212][-][-][info][application] $_GET = [
    'r' => 'index/index'
]

$_SERVER = [
    'TEMP' => '/tmp'
    'TMPDIR' => '/tmp'
    'TMP' => '/tmp'
    'PATH' => '/usr/local/bin:/usr/bin:/bin'
    'USER' => 'www'
    'HOME' => '/home/www'
    'FCGI_ROLE' => 'RESPONDER'
    'SCRIPT_FILENAME' => '/data/wwwroot/yfc/frontend/web/index.php'
    'QUERY_STRING' => 'r=index/index'
    'REQUEST_METHOD' => 'GET'
    'CONTENT_TYPE' => ''
    'CONTENT_LENGTH' => ''
    'SCRIPT_NAME' => '/index.php'
    'REQUEST_URI' => '/?r=index/index'
    'DOCUMENT_URI' => '/index.php'
    'DOCUMENT_ROOT' => '/data/wwwroot/yfc/frontend/web'
    'SERVER_PROTOCOL' => 'HTTP/1.1'
    'REQUEST_SCHEME' => 'http'
    'GATEWAY_INTERFACE' => 'CGI/1.1'
    'SERVER_SOFTWARE' => 'nginx/1.10.1'
    'REMOTE_ADDR' => '221.221.160.212'
    'REMOTE_PORT' => '59868'
    'SERVER_ADDR' => '172.17.0.14'
    'SERVER_PORT' => '80'
    'SERVER_NAME' => '_'
    'REDIRECT_STATUS' => '200'
    'HTTP_HOST' => 'www.kuqingshu.com'
    'HTTP_USER_AGENT' => 'Mozilla/5.0 (Windows NT 10.0; Win64; x64; rv:51.0) Gecko/20100101 Firefox/51.0'
    'HTTP_ACCEPT' => 'text/html,application/xhtml+xml,application/xml;q=0.9,*/*;q=0.8'
    'HTTP_ACCEPT_LANGUAGE' => 'zh-CN,zh;q=0.8,en-US;q=0.5,en;q=0.3'
    'HTTP_ACCEPT_ENCODING' => 'gzip, deflate'
    'HTTP_CONNECTION' => 'keep-alive'
    'HTTP_UPGRADE_INSECURE_REQUESTS' => '1'
    'PHP_SELF' => '/index.php'
    'REQUEST_TIME_FLOAT' => 1487740722.7253
    'REQUEST_TIME' => 1487740722
]
2017-02-22 20:34:15 [::1][-][-][error][yii\web\HttpException:404] exception 'yii\base\InvalidRouteException' with message 'Unable to resolve the request "shuffing/shuffing_add".' in D:\phpStudy\WWW\php11\yfc\vendor\yiisoft\yii2\base\Module.php:460
Stack trace:
#0 D:\phpStudy\WWW\php11\yfc\vendor\yiisoft\yii2\web\Application.php(87): yii\base\Module->runAction('shuffing/shuffi...', Array)
#1 D:\phpStudy\WWW\php11\yfc\vendor\yiisoft\yii2\base\Application.php(375): yii\web\Application->handleRequest(Object(yii\web\Request))
#2 D:\phpStudy\WWW\php11\yfc\frontend\web\index.php(18): yii\base\Application->run()
#3 {main}

Next exception 'yii\web\NotFoundHttpException' with message 'Page not found.' in D:\phpStudy\WWW\php11\yfc\vendor\yiisoft\yii2\web\Application.php:99
Stack trace:
#0 D:\phpStudy\WWW\php11\yfc\vendor\yiisoft\yii2\base\Application.php(375): yii\web\Application->handleRequest(Object(yii\web\Request))
#1 D:\phpStudy\WWW\php11\yfc\frontend\web\index.php(18): yii\base\Application->run()
#2 {main}
2017-02-22 20:34:15 [::1][-][-][info][application] $_GET = [
    'r' => 'shuffing/shuffing_add'
]

$_COOKIE = [
    'CNZZDATA1702264' => 'cnzz_eid=1558261891-1486944903-http%3A%2F%2Flocalhost%2F&ntime=1487053809'
    'CNZZDATA1254932726' => '243158352-1486960596-http%3A%2F%2Flocalhost%2F|1487586402'
    'TS4_TSV4_LOGGED_USER' => 'LYVY1skhtjM+7o99ecrBSWmVn44xpcnv'
    'laravel_session' => '6e5fbc892da431a42e0ef15d8966e0ae2816881d'
    'XSRF-TOKEN' => 'eyJpdiI6IjhTYUJ3SXE5UlNXWTdUWnFrRW15MGc9PSIsInZhbHVlIjoidm91UHQ4ZmhHNUZ3R2kxNzFWcFRkMkJzek91NkQ3M25qbWJmcWZTb3BSY3hVelBteWt1cnVXVCtwZzVpdUJNcDQzRnZzczczYm1qZ1JXckY1XC8rY0tRPT0iLCJtYWMiOiI3Njg0ZmFkMmIyNzZkMzdhMzcxZmVkMDY0OGVhOTAyZjZlMjJjMTUxZWE3ZmU1ZTA3MGFmNDU1MDM2ZDczYmRhIn0='
    'advanced-backend' => '263la8nk788fp4q4etnk692of0'
    '_csrf-backend' => 'c6c40c02b323b2c9f0d923b74c10317781c67d673f1e8d80e85b7fc1fb4a859da:2:{i:0;s:13:\"_csrf-backend\";i:1;s:32:\"VA5fUrACrS6eRrDTt3TAms1jiLwL1jrV\";}'
]

$_SERVER = [
    'PATH' => 'C:\\Windows\\system32;C:\\Windows;C:\\Windows\\System32\\Wbem;C:\\Windows\\System32\\WindowsPowerShell\\v1.0\\;D:\\svn\\bin;D:\\phpStudy\\php55n;C:\\ProgramData\\ComposerSetup\\bin;D:\\Git\\cmd;C:\\Program Files\\TortoiseGit\\bin;C:\\Users\\王韩峰\\AppData\\Local\\Microsoft\\WindowsApps;C:\\Users\\王韩峰\\AppData\\Roaming\\Composer\\vendor\\bin'
    'SYSTEMROOT' => 'C:\\Windows'
    'COMSPEC' => 'C:\\Windows\\system32\\cmd.exe'
    'PATHEXT' => '.COM;.EXE;.BAT;.CMD;.VBS;.VBE;.JS;.JSE;.WSF;.WSH;.MSC'
    'WINDIR' => 'C:\\Windows'
    'PHP_FCGI_MAX_REQUESTS' => '1000'
    'PHPRC' => 'D:/phpStudy/php55n'
    '_FCGI_SHUTDOWN_EVENT_' => '2240'
    'SCRIPT_NAME' => '/php11/yfc/frontend/web/index.php'
    'REQUEST_URI' => '/php11/yfc/frontend/web/?r=shuffing/shuffing_add'
    'QUERY_STRING' => 'r=shuffing/shuffing_add'
    'REQUEST_METHOD' => 'GET'
    'SERVER_PROTOCOL' => 'HTTP/1.1'
    'GATEWAY_INTERFACE' => 'CGI/1.1'
    'REMOTE_PORT' => '64807'
    'SCRIPT_FILENAME' => 'D:/phpStudy/WWW/php11/yfc/frontend/web/index.php'
    'SERVER_ADMIN' => 'admin@phpStudy.net'
    'CONTEXT_DOCUMENT_ROOT' => 'D:/phpStudy/WWW'
    'CONTEXT_PREFIX' => ''
    'REQUEST_SCHEME' => 'http'
    'DOCUMENT_ROOT' => 'D:/phpStudy/WWW'
    'REMOTE_ADDR' => '::1'
    'SERVER_PORT' => '80'
    'SERVER_ADDR' => '::1'
    'SERVER_NAME' => 'localhost'
    'SERVER_SOFTWARE' => 'Apache/2.4.10 (Win32) OpenSSL/1.0.1i mod_fcgid/2.3.9'
    'SERVER_SIGNATURE' => ''
    'SystemRoot' => 'C:\\Windows'
    'HTTP_UPGRADE_INSECURE_REQUESTS' => '1'
    'HTTP_CONNECTION' => 'close'
    'HTTP_COOKIE' => 'CNZZDATA1702264=cnzz_eid%3D1558261891-1486944903-http%253A%252F%252Flocalhost%252F%26ntime%3D1487053809; CNZZDATA1254932726=243158352-1486960596-http%253A%252F%252Flocalhost%252F%7C1487586402; TS4_TSV4_LOGGED_USER=LYVY1skhtjM%2B7o99ecrBSWmVn44xpcnv; laravel_session=6e5fbc892da431a42e0ef15d8966e0ae2816881d; XSRF-TOKEN=eyJpdiI6IjhTYUJ3SXE5UlNXWTdUWnFrRW15MGc9PSIsInZhbHVlIjoidm91UHQ4ZmhHNUZ3R2kxNzFWcFRkMkJzek91NkQ3M25qbWJmcWZTb3BSY3hVelBteWt1cnVXVCtwZzVpdUJNcDQzRnZzczczYm1qZ1JXckY1XC8rY0tRPT0iLCJtYWMiOiI3Njg0ZmFkMmIyNzZkMzdhMzcxZmVkMDY0OGVhOTAyZjZlMjJjMTUxZWE3ZmU1ZTA3MGFmNDU1MDM2ZDczYmRhIn0%3D; advanced-backend=263la8nk788fp4q4etnk692of0; _csrf-backend=c6c40c02b323b2c9f0d923b74c10317781c67d673f1e8d80e85b7fc1fb4a859da%3A2%3A%7Bi%3A0%3Bs%3A13%3A%22_csrf-backend%22%3Bi%3A1%3Bs%3A32%3A%22VA5fUrACrS6eRrDTt3TAms1jiLwL1jrV%22%3B%7D'
    'HTTP_ACCEPT_ENCODING' => 'gzip, deflate'
    'HTTP_ACCEPT_LANGUAGE' => 'zh-CN,zh;q=0.8,en-US;q=0.5,en;q=0.3'
    'HTTP_ACCEPT' => 'text/html,application/xhtml+xml,application/xml;q=0.9,*/*;q=0.8'
    'HTTP_USER_AGENT' => 'Mozilla/5.0 (Windows NT 10.0; WOW64; rv:51.0) Gecko/20100101 Firefox/51.0'
    'HTTP_HOST' => 'localhost'
    'FCGI_ROLE' => 'RESPONDER'
    'PHP_SELF' => '/php11/yfc/frontend/web/index.php'
    'REQUEST_TIME_FLOAT' => 1487766855.3566
    'REQUEST_TIME' => 1487766855
]
